[2019-01-25 01:56:23,765: INFO/MainProcess] beat: Starting...
[2019-01-25 01:56:23,898: INFO/MainProcess] Scheduler: Sending due task task1_scheduler (cycle-task)
[2019-01-25 01:56:23,912: INFO/MainProcess] Scheduler: Sending due task task2_scheduler (time-task)
[2019-01-25 01:56:33,920: INFO/MainProcess] Scheduler: Sending due task task1_scheduler (cycle-task)
[2019-01-25 01:56:43,943: INFO/MainProcess] Scheduler: Sending due task task1_scheduler (cycle-task)
[2019-01-25 01:56:53,967: INFO/MainProcess] Scheduler: Sending due task task1_scheduler (cycle-task)
[2019-01-25 01:57:03,986: INFO/MainProcess] Scheduler: Sending due task task1_scheduler (cycle-task)
[2019-01-25 01:57:14,001: INFO/MainProcess] Scheduler: Sending due task task1_scheduler (cycle-task)
[2019-01-25 01:57:24,010: INFO/MainProcess] Scheduler: Sending due task task1_scheduler (cycle-task)
[2019-01-25 01:57:34,028: INFO/MainProcess] Scheduler: Sending due task task1_scheduler (cycle-task)
[2019-01-25 01:57:44,039: INFO/MainProcess] Scheduler: Sending due task task1_scheduler (cycle-task)
[2019-01-25 01:57:54,049: INFO/MainProcess] Scheduler: Sending due task task1_scheduler (cycle-task)
[2019-01-25 01:58:04,070: INFO/MainProcess] Scheduler: Sending due task task1_scheduler (cycle-task)
[2019-01-25 01:58:14,115: INFO/MainProcess] Scheduler: Sending due task task1_scheduler (cycle-task)
[2019-01-25 01:58:24,227: INFO/MainProcess] Scheduler: Sending due task task1_scheduler (cycle-task)
[2019-01-25 01:58:34,238: INFO/MainProcess] Scheduler: Sending due task task1_scheduler (cycle-task)
[2019-01-25 01:58:44,249: INFO/MainProcess] Scheduler: Sending due task task1_scheduler (cycle-task)
[2019-01-25 01:58:54,276: INFO/MainProcess] Scheduler: Sending due task task1_scheduler (cycle-task)
[2019-01-25 01:59:04,286: INFO/MainProcess] Scheduler: Sending due task task1_scheduler (cycle-task)
[2019-01-25 01:59:14,295: INFO/MainProcess] Scheduler: Sending due task task1_scheduler (cycle-task)
[2019-01-25 01:59:24,312: INFO/MainProcess] Scheduler: Sending due task task1_scheduler (cycle-task)
[2019-01-25 01:59:34,323: INFO/MainProcess] Scheduler: Sending due task task1_scheduler (cycle-task)
[2019-01-25 01:59:44,341: INFO/MainProcess] Scheduler: Sending due task task1_scheduler (cycle-task)
[2019-01-25 01:59:54,356: INFO/MainProcess] Scheduler: Sending due task task1_scheduler (cycle-task)
[2019-01-25 02:00:04,370: INFO/MainProcess] Scheduler: Sending due task task1_scheduler (cycle-task)
[2019-01-25 02:00:14,378: INFO/MainProcess] Scheduler: Sending due task task1_scheduler (cycle-task)
[2019-01-25 02:00:24,388: INFO/MainProcess] Scheduler: Sending due task task1_scheduler (cycle-task)
[2019-01-25 02:00:34,397: INFO/MainProcess] Scheduler: Sending due task task1_scheduler (cycle-task)
[2019-01-25 02:00:44,416: INFO/MainProcess] Scheduler: Sending due task task1_scheduler (cycle-task)
[2019-01-25 02:00:54,458: INFO/MainProcess] Scheduler: Sending due task task1_scheduler (cycle-task)
[2019-01-25 02:01:04,467: INFO/MainProcess] Scheduler: Sending due task task1_scheduler (cycle-task)
[2019-01-25 02:01:14,478: INFO/MainProcess] Scheduler: Sending due task task1_scheduler (cycle-task)
[2019-01-25 02:01:24,488: INFO/MainProcess] Scheduler: Sending due task task1_scheduler (cycle-task)
[2019-01-25 02:01:34,510: INFO/MainProcess] Scheduler: Sending due task task1_scheduler (cycle-task)
[2019-01-25 02:01:44,525: INFO/MainProcess] Scheduler: Sending due task task1_scheduler (cycle-task)
[2019-01-25 02:01:54,539: INFO/MainProcess] Scheduler: Sending due task task1_scheduler (cycle-task)
[2019-01-25 02:02:04,556: INFO/MainProcess] Scheduler: Sending due task task1_scheduler (cycle-task)
[2019-01-25 02:02:14,655: INFO/MainProcess] Scheduler: Sending due task task1_scheduler (cycle-task)
[2019-01-25 02:02:24,670: INFO/MainProcess] Scheduler: Sending due task task1_scheduler (cycle-task)
[2019-01-25 02:02:34,685: INFO/MainProcess] Scheduler: Sending due task task1_scheduler (cycle-task)
[2019-01-25 02:02:44,706: INFO/MainProcess] Scheduler: Sending due task task1_scheduler (cycle-task)
[2019-01-25 02:02:54,720: INFO/MainProcess] Scheduler: Sending due task task1_scheduler (cycle-task)
[2019-01-25 02:03:04,731: INFO/MainProcess] Scheduler: Sending due task task1_scheduler (cycle-task)
[2019-01-25 02:03:14,743: INFO/MainProcess] Scheduler: Sending due task task1_scheduler (cycle-task)
[2019-01-25 02:03:24,755: INFO/MainProcess] Scheduler: Sending due task task1_scheduler (cycle-task)
[2019-01-25 02:03:34,760: INFO/MainProcess] Scheduler: Sending due task task1_scheduler (cycle-task)
[2019-01-25 02:03:44,775: INFO/MainProcess] Scheduler: Sending due task task1_scheduler (cycle-task)
[2019-01-25 02:03:54,792: INFO/MainProcess] Scheduler: Sending due task task1_scheduler (cycle-task)
[2019-01-25 02:04:04,804: INFO/MainProcess] Scheduler: Sending due task task1_scheduler (cycle-task)
[2019-01-25 02:04:14,815: INFO/MainProcess] Scheduler: Sending due task task1_scheduler (cycle-task)
[2019-01-25 02:04:24,818: INFO/MainProcess] Scheduler: Sending due task task1_scheduler (cycle-task)
[2019-01-25 02:04:34,831: INFO/MainProcess] Scheduler: Sending due task task1_scheduler (cycle-task)
[2019-01-25 02:04:44,839: INFO/MainProcess] Scheduler: Sending due task task1_scheduler (cycle-task)
[2019-01-25 02:04:54,861: INFO/MainProcess] Scheduler: Sending due task task1_scheduler (cycle-task)
[2019-01-25 02:05:04,884: INFO/MainProcess] Scheduler: Sending due task task1_scheduler (cycle-task)
[2019-01-25 02:05:14,907: INFO/MainProcess] Scheduler: Sending due task task1_scheduler (cycle-task)
[2019-01-25 02:05:24,918: INFO/MainProcess] Scheduler: Sending due task task1_scheduler (cycle-task)
[2019-01-25 02:05:34,931: INFO/MainProcess] Scheduler: Sending due task task1_scheduler (cycle-task)
[2019-01-25 02:05:44,951: INFO/MainProcess] Scheduler: Sending due task task1_scheduler (cycle-task)
[2019-01-25 02:05:54,960: INFO/MainProcess] Scheduler: Sending due task task1_scheduler (cycle-task)
[2019-01-25 02:06:04,973: INFO/MainProcess] Scheduler: Sending due task task1_scheduler (cycle-task)
[2019-01-25 02:06:14,977: INFO/MainProcess] Scheduler: Sending due task task1_scheduler (cycle-task)
[2019-01-25 02:06:24,988: INFO/MainProcess] Scheduler: Sending due task task1_scheduler (cycle-task)
[2019-01-25 02:06:35,003: INFO/MainProcess] Scheduler: Sending due task task1_scheduler (cycle-task)
[2019-01-25 02:06:45,009: INFO/MainProcess] Scheduler: Sending due task task1_scheduler (cycle-task)
[2019-01-25 02:06:55,021: INFO/MainProcess] Scheduler: Sending due task task1_scheduler (cycle-task)
[2019-01-25 02:07:05,032: INFO/MainProcess] Scheduler: Sending due task task1_scheduler (cycle-task)
[2019-01-25 02:07:15,040: INFO/MainProcess] Scheduler: Sending due task task1_scheduler (cycle-task)
[2019-01-25 02:07:25,059: INFO/MainProcess] Scheduler: Sending due task task1_scheduler (cycle-task)
[2019-01-25 02:07:35,068: INFO/MainProcess] Scheduler: Sending due task task1_scheduler (cycle-task)
[2019-01-25 02:07:45,083: INFO/MainProcess] Scheduler: Sending due task task1_scheduler (cycle-task)
[2019-01-25 02:07:55,088: INFO/MainProcess] Scheduler: Sending due task task1_scheduler (cycle-task)
[2019-01-25 02:08:05,096: INFO/MainProcess] Scheduler: Sending due task task1_scheduler (cycle-task)
[2019-01-25 02:08:15,106: INFO/MainProcess] Scheduler: Sending due task task1_scheduler (cycle-task)
[2019-01-25 02:08:25,113: INFO/MainProcess] Scheduler: Sending due task task1_scheduler (cycle-task)
[2019-01-25 02:08:35,114: INFO/MainProcess] Scheduler: Sending due task task1_scheduler (cycle-task)
[2019-01-25 02:08:45,123: INFO/MainProcess] Scheduler: Sending due task task1_scheduler (cycle-task)
[2019-01-25 02:08:55,139: INFO/MainProcess] Scheduler: Sending due task task1_scheduler (cycle-task)
[2019-01-25 02:09:05,162: INFO/MainProcess] Scheduler: Sending due task task1_scheduler (cycle-task)
[2019-01-25 02:09:15,201: INFO/MainProcess] Scheduler: Sending due task task1_scheduler (cycle-task)
[2019-01-25 02:09:25,228: INFO/MainProcess] Scheduler: Sending due task task1_scheduler (cycle-task)
[2019-01-25 02:09:35,243: INFO/MainProcess] Scheduler: Sending due task task1_scheduler (cycle-task)
[2019-01-25 02:09:45,257: INFO/MainProcess] Scheduler: Sending due task task1_scheduler (cycle-task)
[2019-01-25 02:09:55,265: INFO/MainProcess] Scheduler: Sending due task task1_scheduler (cycle-task)
[2019-01-25 02:10:05,269: INFO/MainProcess] Scheduler: Sending due task task1_scheduler (cycle-task)
[2019-01-25 02:10:15,289: INFO/MainProcess] Scheduler: Sending due task task1_scheduler (cycle-task)
[2019-01-25 02:10:25,318: INFO/MainProcess] Scheduler: Sending due task task1_scheduler (cycle-task)
[2019-01-25 02:10:35,335: INFO/MainProcess] Scheduler: Sending due task task1_scheduler (cycle-task)
[2019-01-25 02:10:45,344: INFO/MainProcess] Scheduler: Sending due task task1_scheduler (cycle-task)
[2019-01-25 02:10:55,358: INFO/MainProcess] Scheduler: Sending due task task1_scheduler (cycle-task)
[2019-01-25 02:11:05,371: INFO/MainProcess] Scheduler: Sending due task task1_scheduler (cycle-task)
[2019-01-25 02:11:15,384: INFO/MainProcess] Scheduler: Sending due task task1_scheduler (cycle-task)
[2019-01-25 02:11:25,399: INFO/MainProcess] Scheduler: Sending due task task1_scheduler (cycle-task)
[2019-01-25 02:11:35,409: INFO/MainProcess] Scheduler: Sending due task task1_scheduler (cycle-task)
[2019-01-25 02:11:45,420: INFO/MainProcess] Scheduler: Sending due task task1_scheduler (cycle-task)
[2019-01-25 02:11:55,434: INFO/MainProcess] Scheduler: Sending due task task1_scheduler (cycle-task)
[2019-01-25 02:12:05,443: INFO/MainProcess] Scheduler: Sending due task task1_scheduler (cycle-task)
[2019-01-25 02:12:15,452: INFO/MainProcess] Scheduler: Sending due task task1_scheduler (cycle-task)
[2019-01-25 02:12:25,461: INFO/MainProcess] Scheduler: Sending due task task1_scheduler (cycle-task)
[2019-01-25 02:12:35,474: INFO/MainProcess] Scheduler: Sending due task task1_scheduler (cycle-task)
[2019-01-25 02:12:45,480: INFO/MainProcess] Scheduler: Sending due task task1_scheduler (cycle-task)
[2019-01-25 02:12:55,487: INFO/MainProcess] Scheduler: Sending due task task1_scheduler (cycle-task)
[2019-01-25 02:13:05,494: INFO/MainProcess] Scheduler: Sending due task task1_scheduler (cycle-task)
[2019-01-25 02:13:15,506: INFO/MainProcess] Scheduler: Sending due task task1_scheduler (cycle-task)
[2019-01-25 02:13:25,516: INFO/MainProcess] Scheduler: Sending due task task1_scheduler (cycle-task)
[2019-01-25 02:13:35,524: INFO/MainProcess] Scheduler: Sending due task task1_scheduler (cycle-task)
[2019-01-25 02:13:45,537: INFO/MainProcess] Scheduler: Sending due task task1_scheduler (cycle-task)
[2019-01-25 02:13:55,549: INFO/MainProcess] Scheduler: Sending due task task1_scheduler (cycle-task)
[2019-01-25 02:14:05,550: INFO/MainProcess] Scheduler: Sending due task task1_scheduler (cycle-task)
[2019-01-25 02:14:15,556: INFO/MainProcess] Scheduler: Sending due task task1_scheduler (cycle-task)
[2019-01-25 02:14:25,592: INFO/MainProcess] Scheduler: Sending due task task1_scheduler (cycle-task)
[2019-01-25 02:14:35,619: INFO/MainProcess] Scheduler: Sending due task task1_scheduler (cycle-task)
[2019-01-25 02:14:45,643: INFO/MainProcess] Scheduler: Sending due task task1_scheduler (cycle-task)
[2019-01-25 02:14:55,661: INFO/MainProcess] Scheduler: Sending due task task1_scheduler (cycle-task)
[2019-01-25 02:15:05,677: INFO/MainProcess] Scheduler: Sending due task task1_scheduler (cycle-task)
[2019-01-25 02:15:15,689: INFO/MainProcess] Scheduler: Sending due task task1_scheduler (cycle-task)
[2019-01-25 02:15:25,716: INFO/MainProcess] Scheduler: Sending due task task1_scheduler (cycle-task)
[2019-01-25 02:15:35,736: INFO/MainProcess] Scheduler: Sending due task task1_scheduler (cycle-task)
[2019-01-25 02:15:45,946: INFO/MainProcess] Scheduler: Sending due task task1_scheduler (cycle-task)
[2019-01-25 02:15:55,960: INFO/MainProcess] Scheduler: Sending due task task1_scheduler (cycle-task)
[2019-01-25 02:16:05,977: INFO/MainProcess] Scheduler: Sending due task task1_scheduler (cycle-task)
[2019-01-25 02:16:15,995: INFO/MainProcess] Scheduler: Sending due task task1_scheduler (cycle-task)
[2019-01-25 02:16:26,006: INFO/MainProcess] Scheduler: Sending due task task1_scheduler (cycle-task)
[2019-01-25 02:16:36,016: INFO/MainProcess] Scheduler: Sending due task task1_scheduler (cycle-task)
[2019-01-25 02:16:46,026: INFO/MainProcess] Scheduler: Sending due task task1_scheduler (cycle-task)
[2019-01-25 02:16:56,049: INFO/MainProcess] Scheduler: Sending due task task1_scheduler (cycle-task)
[2019-01-25 02:17:06,059: INFO/MainProcess] Scheduler: Sending due task task1_scheduler (cycle-task)
[2019-01-25 02:17:16,068: INFO/MainProcess] Scheduler: Sending due task task1_scheduler (cycle-task)
[2019-01-25 02:17:26,076: INFO/MainProcess] Scheduler: Sending due task task1_scheduler (cycle-task)
[2019-01-25 02:17:36,086: INFO/MainProcess] Scheduler: Sending due task task1_scheduler (cycle-task)
[2019-01-25 02:17:46,099: INFO/MainProcess] Scheduler: Sending due task task1_scheduler (cycle-task)
[2019-01-25 02:17:56,116: INFO/MainProcess] Scheduler: Sending due task task1_scheduler (cycle-task)
[2019-01-25 02:18:06,134: INFO/MainProcess] Scheduler: Sending due task task1_scheduler (cycle-task)
[2019-01-25 02:18:16,151: INFO/MainProcess] Scheduler: Sending due task task1_scheduler (cycle-task)
[2019-01-25 02:18:26,172: INFO/MainProcess] Scheduler: Sending due task task1_scheduler (cycle-task)
[2019-01-25 02:18:36,181: INFO/MainProcess] Scheduler: Sending due task task1_scheduler (cycle-task)
[2019-01-25 02:18:46,200: INFO/MainProcess] Scheduler: Sending due task task1_scheduler (cycle-task)
[2019-01-25 02:18:56,299: INFO/MainProcess] Scheduler: Sending due task task1_scheduler (cycle-task)
[2019-01-25 02:19:06,315: INFO/MainProcess] Scheduler: Sending due task task1_scheduler (cycle-task)
[2019-01-25 02:19:16,322: INFO/MainProcess] Scheduler: Sending due task task1_scheduler (cycle-task)
[2019-01-25 02:19:26,337: INFO/MainProcess] Scheduler: Sending due task task1_scheduler (cycle-task)
[2019-01-25 02:19:36,350: INFO/MainProcess] Scheduler: Sending due task task1_scheduler (cycle-task)
[2019-01-25 02:19:46,380: INFO/MainProcess] Scheduler: Sending due task task1_scheduler (cycle-task)
[2019-01-25 02:19:56,397: INFO/MainProcess] Scheduler: Sending due task task1_scheduler (cycle-task)
[2019-01-25 02:20:06,410: INFO/MainProcess] Scheduler: Sending due task task1_scheduler (cycle-task)
[2019-01-25 02:20:16,418: INFO/MainProcess] Scheduler: Sending due task task1_scheduler (cycle-task)
[2019-01-25 02:20:26,426: INFO/MainProcess] Scheduler: Sending due task task1_scheduler (cycle-task)
[2019-01-25 02:20:36,446: INFO/MainProcess] Scheduler: Sending due task task1_scheduler (cycle-task)
[2019-01-25 02:20:46,456: INFO/MainProcess] Scheduler: Sending due task task1_scheduler (cycle-task)
[2019-01-25 02:20:56,474: INFO/MainProcess] Scheduler: Sending due task task1_scheduler (cycle-task)
[2019-01-25 02:21:06,475: INFO/MainProcess] Scheduler: Sending due task task1_scheduler (cycle-task)
[2019-01-25 02:21:16,522: INFO/MainProcess] Scheduler: Sending due task task1_scheduler (cycle-task)
[2019-01-25 02:21:26,532: INFO/MainProcess] Scheduler: Sending due task task1_scheduler (cycle-task)
[2019-01-25 02:21:36,539: INFO/MainProcess] Scheduler: Sending due task task1_scheduler (cycle-task)
[2019-01-25 02:21:46,557: INFO/MainProcess] Scheduler: Sending due task task1_scheduler (cycle-task)
[2019-01-25 02:21:56,578: INFO/MainProcess] Scheduler: Sending due task task1_scheduler (cycle-task)
[2019-01-25 02:22:06,600: INFO/MainProcess] Scheduler: Sending due task task1_scheduler (cycle-task)
[2019-01-25 02:22:16,620: INFO/MainProcess] Scheduler: Sending due task task1_scheduler (cycle-task)
[2019-01-25 02:22:26,635: INFO/MainProcess] Scheduler: Sending due task task1_scheduler (cycle-task)
[2019-01-25 02:22:36,659: INFO/MainProcess] Scheduler: Sending due task task1_scheduler (cycle-task)
[2019-01-25 02:22:46,678: INFO/MainProcess] Scheduler: Sending due task task1_scheduler (cycle-task)
[2019-01-25 02:22:56,704: INFO/MainProcess] Scheduler: Sending due task task1_scheduler (cycle-task)
celery beat v3.1.25 (Cipater) is starting.
__    -    ... __   -        _
Configuration ->
    . broker -> redis://192.168.30.152:6381/0
    . loader -> djcelery.loaders.DjangoLoader
    . scheduler -> celery.beat.PersistentScheduler
    . db -> celerybeat-schedule
    . logfile -> [stderr]@%INFO
    . maxinterval -> now (0s)
[2019-01-25 02:27:05,035: INFO/MainProcess] beat: Starting...
[2019-01-25 02:27:05,183: ERROR/MainProcess] beat: Connection error: . Trying again in 2.0 seconds...
[2019-01-25 02:27:07,211: ERROR/MainProcess] beat: Connection error: . Trying again in 4.0 seconds...
[2019-01-25 02:27:11,239: ERROR/MainProcess] beat: Connection error: . Trying again in 6.0 seconds...
[2019-01-25 02:27:17,265: ERROR/MainProcess] beat: Connection error: . Trying again in 8.0 seconds...
[2019-01-25 02:27:25,285: ERROR/MainProcess] beat: Connection error: . Trying again in 10.0 seconds...
[2019-01-25 02:27:35,316: ERROR/MainProcess] beat: Connection error: . Trying again in 12.0 seconds...
[2019-01-25 02:27:47,353: ERROR/MainProcess] beat: Connection error: . Trying again in 14.0 seconds...
[2019-01-25 02:28:01,390: ERROR/MainProcess] beat: Connection error: . Trying again in 16.0 seconds...
[2019-01-25 02:28:17,453: ERROR/MainProcess] beat: Connection error: . Trying again in 18.0 seconds...
[2019-01-25 02:28:35,521: ERROR/MainProcess] beat: Connection error: . Trying again in 20.0 seconds...
[2019-01-25 02:28:55,570: ERROR/MainProcess] beat: Connection error: . Trying again in 22.0 seconds...
[2019-01-25 02:29:17,622: ERROR/MainProcess] beat: Connection error: . Trying again in 24.0 seconds...
[2019-01-25 02:29:41,698: ERROR/MainProcess] beat: Connection error: . Trying again in 26.0 seconds...
[2019-01-25 02:30:07,768: ERROR/MainProcess] beat: Connection error: . Trying again in 28.0 seconds...
[2019-01-25 02:30:35,836: ERROR/MainProcess] beat: Connection error: . Trying again in 30.0 seconds...
celery beat v3.1.25 (Cipater) is starting.
__    -    ... __   -        _
Configuration ->
    . broker -> redis://localhost:6379/0
    . loader -> djcelery.loaders.DjangoLoader
    . scheduler -> celery.beat.PersistentScheduler
    . db -> celerybeat-schedule
    . logfile -> [stderr]@%INFO
    . maxinterval -> now (0s)
[2019-01-25 02:36:12,096: INFO/MainProcess] beat: Starting...
[2019-01-25 02:36:12,262: INFO/MainProcess] Scheduler: Sending due task task1_scheduler (cycle-task)
[2019-01-25 02:36:22,288: INFO/MainProcess] Scheduler: Sending due task task1_scheduler (cycle-task)
[2019-01-25 02:36:32,308: INFO/MainProcess] Scheduler: Sending due task task1_scheduler (cycle-task)
[2019-01-25 02:36:42,330: INFO/MainProcess] Scheduler: Sending due task task1_scheduler (cycle-task)
[2019-01-25 02:36:52,333: INFO/MainProcess] Scheduler: Sending due task task1_scheduler (cycle-task)
[2019-01-25 02:37:02,342: INFO/MainProcess] Scheduler: Sending due task task1_scheduler (cycle-task)
[2019-01-25 02:37:12,347: INFO/MainProcess] Scheduler: Sending due task task1_scheduler (cycle-task)
[2019-01-25 02:37:22,366: INFO/MainProcess] Scheduler: Sending due task task1_scheduler (cycle-task)
[2019-01-25 02:37:32,385: INFO/MainProcess] Scheduler: Sending due task task1_scheduler (cycle-task)
[2019-01-25 02:37:42,399: INFO/MainProcess] Scheduler: Sending due task task1_scheduler (cycle-task)
[2019-01-25 02:37:52,409: INFO/MainProcess] Scheduler: Sending due task task1_scheduler (cycle-task)
[2019-01-25 02:38:02,426: INFO/MainProcess] Scheduler: Sending due task task1_scheduler (cycle-task)
[2019-01-25 02:38:12,438: INFO/MainProcess] Scheduler: Sending due task task1_scheduler (cycle-task)
[2019-01-25 02:38:22,465: INFO/MainProcess] Scheduler: Sending due task task1_scheduler (cycle-task)
[2019-01-25 02:38:32,493: INFO/MainProcess] Scheduler: Sending due task task1_scheduler (cycle-task)
[2019-01-25 02:38:42,518: INFO/MainProcess] Scheduler: Sending due task task1_scheduler (cycle-task)
[2019-01-25 02:38:52,527: INFO/MainProcess] Scheduler: Sending due task task1_scheduler (cycle-task)
[2019-01-25 02:39:02,550: INFO/MainProcess] Scheduler: Sending due task task1_scheduler (cycle-task)
[2019-01-25 02:39:12,556: INFO/MainProcess] Scheduler: Sending due task task1_scheduler (cycle-task)
[2019-01-25 02:39:22,558: INFO/MainProcess] Scheduler: Sending due task task1_scheduler (cycle-task)
[2019-01-25 02:39:32,561: INFO/MainProcess] Scheduler: Sending due task task1_scheduler (cycle-task)
[2019-01-25 02:39:42,572: INFO/MainProcess] Scheduler: Sending due task task1_scheduler (cycle-task)
[2019-01-25 02:39:52,588: INFO/MainProcess] Scheduler: Sending due task task1_scheduler (cycle-task)
[2019-01-25 02:40:02,605: INFO/MainProcess] Scheduler: Sending due task task1_scheduler (cycle-task)
[2019-01-25 02:40:12,617: INFO/MainProcess] Scheduler: Sending due task task1_scheduler (cycle-task)
[2019-01-25 02:40:22,625: INFO/MainProcess] Scheduler: Sending due task task1_scheduler (cycle-task)
[2019-01-25 02:40:32,640: INFO/MainProcess] Scheduler: Sending due task task1_scheduler (cycle-task)
[2019-01-25 02:40:42,656: INFO/MainProcess] Scheduler: Sending due task task1_scheduler (cycle-task)
[2019-01-25 02:40:52,670: INFO/MainProcess] Scheduler: Sending due task task1_scheduler (cycle-task)
[2019-01-25 02:41:02,690: INFO/MainProcess] Scheduler: Sending due task task1_scheduler (cycle-task)
[2019-01-25 02:41:12,712: INFO/MainProcess] Scheduler: Sending due task task1_scheduler (cycle-task)
[2019-01-25 02:41:22,728: INFO/MainProcess] Scheduler: Sending due task task1_scheduler (cycle-task)
[2019-01-25 02:41:32,736: INFO/MainProcess] Scheduler: Sending due task task1_scheduler (cycle-task)
[2019-01-25 02:41:42,748: INFO/MainProcess] Scheduler: Sending due task task1_scheduler (cycle-task)
[2019-01-25 02:41:52,759: INFO/MainProcess] Scheduler: Sending due task task1_scheduler (cycle-task)
[2019-01-25 02:42:02,784: INFO/MainProcess] Scheduler: Sending due task task1_scheduler (cycle-task)
[2019-01-25 02:42:12,802: INFO/MainProcess] Scheduler: Sending due task task1_scheduler (cycle-task)
[2019-01-25 02:42:22,807: INFO/MainProcess] Scheduler: Sending due task task1_scheduler (cycle-task)
[2019-01-25 02:42:32,821: INFO/MainProcess] Scheduler: Sending due task task1_scheduler (cycle-task)
[2019-01-25 02:42:42,834: INFO/MainProcess] Scheduler: Sending due task task1_scheduler (cycle-task)
[2019-01-25 02:42:52,858: INFO/MainProcess] Scheduler: Sending due task task1_scheduler (cycle-task)
[2019-01-25 02:43:02,864: INFO/MainProcess] Scheduler: Sending due task task1_scheduler (cycle-task)
[2019-01-25 02:43:12,880: INFO/MainProcess] Scheduler: Sending due task task1_scheduler (cycle-task)
[2019-01-25 02:43:22,901: INFO/MainProcess] Scheduler: Sending due task task1_scheduler (cycle-task)
[2019-01-25 02:43:32,921: INFO/MainProcess] Scheduler: Sending due task task1_scheduler (cycle-task)
[2019-01-25 02:43:42,952: INFO/MainProcess] Scheduler: Sending due task task1_scheduler (cycle-task)
[2019-01-25 02:43:52,965: INFO/MainProcess] Scheduler: Sending due task task1_scheduler (cycle-task)
[2019-01-25 02:44:02,978: INFO/MainProcess] Scheduler: Sending due task task1_scheduler (cycle-task)
[2019-01-25 02:44:12,998: INFO/MainProcess] Scheduler: Sending due task task1_scheduler (cycle-task)
[2019-01-25 02:44:23,012: INFO/MainProcess] Scheduler: Sending due task task1_scheduler (cycle-task)
[2019-01-25 02:44:33,022: INFO/MainProcess] Scheduler: Sending due task task1_scheduler (cycle-task)
[2019-01-25 02:44:43,029: INFO/MainProcess] Scheduler: Sending due task task1_scheduler (cycle-task)
[2019-01-25 02:44:53,052: INFO/MainProcess] Scheduler: Sending due task task1_scheduler (cycle-task)
[2019-01-25 02:45:03,063: INFO/MainProcess] Scheduler: Sending due task task1_scheduler (cycle-task)
[2019-01-25 02:45:13,074: INFO/MainProcess] Scheduler: Sending due task task1_scheduler (cycle-task)
[2019-01-25 02:45:23,089: INFO/MainProcess] Scheduler: Sending due task task1_scheduler (cycle-task)
[2019-01-25 02:45:33,095: INFO/MainProcess] Scheduler: Sending due task task1_scheduler (cycle-task)
celery beat v3.1.25 (Cipater) is starting.
__    -    ... __   -        _
Configuration ->
    . broker -> redis://192.168.30.152:6381/0
    . loader -> djcelery.loaders.DjangoLoader
    . scheduler -> celery.beat.PersistentScheduler
    . db -> celerybeat-schedule
    . logfile -> [stderr]@%INFO
    . maxinterval -> now (0s)
[2019-01-25 02:46:21,602: INFO/MainProcess] beat: Starting...
[2019-01-25 02:46:22,370: INFO/MainProcess] Scheduler: Sending due task task1_scheduler (cycle-task)
[2019-01-25 02:46:32,443: INFO/MainProcess] Scheduler: Sending due task task1_scheduler (cycle-task)
[2019-01-25 02:46:42,482: INFO/MainProcess] Scheduler: Sending due task task1_scheduler (cycle-task)
[2019-01-25 02:46:52,490: INFO/MainProcess] Scheduler: Sending due task task1_scheduler (cycle-task)
[2019-01-25 02:47:02,500: INFO/MainProcess] Scheduler: Sending due task task1_scheduler (cycle-task)
[2019-01-25 02:47:12,513: INFO/MainProcess] Scheduler: Sending due task task1_scheduler (cycle-task)
[2019-01-25 02:47:22,526: INFO/MainProcess] Scheduler: Sending due task task1_scheduler (cycle-task)
[2019-01-25 02:47:32,541: INFO/MainProcess] Scheduler: Sending due task task1_scheduler (cycle-task)
[2019-01-25 02:47:42,558: INFO/MainProcess] Scheduler: Sending due task task1_scheduler (cycle-task)
[2019-01-25 02:47:52,569: INFO/MainProcess] Scheduler: Sending due task task1_scheduler (cycle-task)
[2019-01-25 02:48:02,585: INFO/MainProcess] Scheduler: Sending due task task1_scheduler (cycle-task)
[2019-01-25 02:48:12,590: INFO/MainProcess] Scheduler: Sending due task task1_scheduler (cycle-task)
[2019-01-25 02:48:22,602: INFO/MainProcess] Scheduler: Sending due task task1_scheduler (cycle-task)
[2019-01-25 02:48:32,642: INFO/MainProcess] Scheduler: Sending due task task1_scheduler (cycle-task)
[2019-01-25 02:48:42,656: INFO/MainProcess] Scheduler: Sending due task task1_scheduler (cycle-task)
[2019-01-25 02:48:52,661: INFO/MainProcess] Scheduler: Sending due task task1_scheduler (cycle-task)
[2019-01-25 02:49:02,679: INFO/MainProcess] Scheduler: Sending due task task1_scheduler (cycle-task)
[2019-01-25 02:49:12,692: INFO/MainProcess] Scheduler: Sending due task task1_scheduler (cycle-task)
[2019-01-25 02:49:22,702: INFO/MainProcess] Scheduler: Sending due task task1_scheduler (cycle-task)
[2019-01-25 02:49:32,710: INFO/MainProcess] Scheduler: Sending due task task1_scheduler (cycle-task)
[2019-01-25 02:49:42,724: INFO/MainProcess] Scheduler: Sending due task task1_scheduler (cycle-task)
[2019-01-25 02:49:52,740: INFO/MainProcess] Scheduler: Sending due task task1_scheduler (cycle-task)
